2026-05-08 17:15:01.441 - DBeaver 25.3.3.202601181752 is starting
2026-05-08 17:15:01.442 - OS: Windows 11 10.0 (amd64)
2026-05-08 17:15:01.442 - Java version: 21.0.8 by Eclipse Adoptium (64bit)
2026-05-08 17:15:01.443 - Install path: 'C:\Program Files\DBeaver'
2026-05-08 17:15:01.443 - Instance path: 'file:/C:/PFM/Project/Global-Rental-Car-Management/backend/workspace/'
2026-05-08 17:15:01.445 - Memory available 64Mb/1024Mb
2026-05-08 17:15:01.462 - Create display
2026-05-08 17:15:01.638 - Initialize desktop platform...
2026-05-08 17:15:01.801 - BounceCastle bundle found. Use JCE provider BC
> Start Core File Systems [org.eclipse.core.filesystem 1.11.400.v20251107-0507]
> Start Core Resource Management [org.eclipse.core.resources 3.23.100.v20251106-1705]
> Start Team Support Core [org.eclipse.team.core 3.10.900.v20251104-0924]
> Start DBeaver UI Navigator [org.jkiss.dbeaver.ui.navigator 1.0.171.202601181752]
> Start JFace Text [org.eclipse.jface.text 3.29.0.v20251112-0859]
2026-05-08 17:15:02.163 - Initialize base platform...
2026-05-08 17:15:02.174 - Platform initialized (536ms)
> Start Equinox Java Authentication and Authorization Service (JAAS) [org.eclipse.equinox.security 1.4.700.v20250622-1644]
> Start Internet Connection Management UI [org.eclipse.ui.net 1.5.500.v20250611-0855]
> Start Internet Connection Management [org.eclipse.core.net 1.5.800.v20250613-1119]
2026-05-08 17:15:02.219 - Proxy service 'org.eclipse.core.net.proxy.IProxyService' loaded
2026-05-08 17:15:02.278 - Starting instance server at http://localhost:59834
2026-05-08 17:15:02.285 - Run workbench
> Start Eclipse e4 Workbench SWT [org.eclipse.e4.ui.workbench.swt 0.17.1000.v20251023-0611]
> Start Eclipse Application Services [org.eclipse.e4.core.services 2.5.300.v20251112-1253]
> Start Eclipse UI Application Services [org.eclipse.e4.ui.services 1.6.600.v20251023-1358]
> Start Eclipse e4 Progress View [org.eclipse.e4.ui.progress 0.4.900.v20251023-1511]
> Start Eclipse Bindings Support [org.eclipse.e4.ui.bindings 0.14.800.v20250916-0937]
> Start Eclipse e4 core commands [org.eclipse.e4.core.commands 1.1.700.v20250916-0927]
> Start EMF XML/XMI Persistence [org.eclipse.emf.ecore.xmi 2.39.0.v20250910-1205]
> Start Eclipse CSS SWT Theme Support [org.eclipse.e4.ui.css.swt.theme 0.14.600.v20251023-0615]
> Start Eclipse e4 Workbench Add-ons [org.eclipse.e4.ui.workbench.addons.swt 1.5.900.v20251007-0832]
> Start Eclipse e4 Workbench SWT Renderer [org.eclipse.e4.ui.workbench.renderers.swt 0.16.1000.v20251114-0005]
> Start Eclipse Dependency Injection Extensions [org.eclipse.e4.core.di.extensions 0.18.300.v20240413-1529]
> Start DBeaver AI Model [org.jkiss.dbeaver.model.ai 2.0.14.202601181752]
> Start DBeaver AI UI [org.jkiss.dbeaver.ui.ai 1.0.73.202601181752]
> Start Eclipse CSS SWT Support [org.eclipse.e4.ui.css.swt 0.15.700.v20251023-1511]
2026-05-08 17:15:04.773 - Configure workbench window
> Start DBeaver SQL Model [org.jkiss.dbeaver.model.sql 1.0.161.202601181752]
2026-05-08 17:15:04.945 - Total database drivers: 127 (127)
> Start Help System Core [org.eclipse.help 3.10.600.v20250613-0437]
2026-05-08 17:15:05.103 - Create actions
> Start Default Text Editor [org.eclipse.ui.editors 3.20.200.v20251125-0939]
> Start Text Editor Framework [org.eclipse.ui.workbench.texteditor 3.19.400.v20251105-0815]
2026-05-08 17:15:07.497 - Initialize workbench window
2026-05-08 17:15:07.510 - Finish initialization
> Start DBeaver UI Editors - Data [org.jkiss.dbeaver.ui.editors.data 1.0.171.202601181752]
> Start DBeaver UI Editors - SQL [org.jkiss.dbeaver.ui.editors.sql 1.0.171.202601181752]
> Start DBeaver Dashboard UI [org.jkiss.dbeaver.ui.dashboard 1.0.168.202601181752]
> Start GEF Classic Draw2d [org.eclipse.draw2d 3.21.0.202512020742]
> Start GEF Classic GEF (MVC) [org.eclipse.gef 3.24.0.202511201732]
> Start DBeaver ERD UI [org.jkiss.dbeaver.ui.editors.erd 3.1.12.202601181752]
> Start DBeaver ERD Model [org.jkiss.dbeaver.model.erd 1.1.12.202601181752]
2026-05-08 17:15:08.727 - Open external file(s) [[C:\PFM\Project\Global-Rental-Car-Management\backend\backup.sql]]
> Start DBeaver SQL Terminal [org.jkiss.dbeaver.ui.editors.sql.terminal 1.0.147.202601181752]
> Start Core Compare Support [org.eclipse.compare.core 3.8.800.v20250718-1505]
> Start Console [org.eclipse.ui.console 3.15.0.v20251113-1013]
> Start Debug Core [org.eclipse.debug.core 3.23.200.v20251107-0507]
> Start DBeaver Sample Database [org.jkiss.dbeaver.ui.config.sample 1.0.208.202601181752]
2026-05-08 17:15:29.157 - Open [https://dbeaver.io/product/version.xml]
> Start DBeaver SQL Language Semantic Model [org.jkiss.dbeaver.model.lsm 1.0.66.202601181752]
2026-05-08 17:15:51.306 - Dispose navigator model
2026-05-08 17:15:51.433 - DBeaver is stopping
2026-05-08 17:15:51.438 - Stop instance server
2026-05-08 17:15:52.449 - Instance server has been stopped
2026-05-08 17:15:52.449 - DBeaver shutdown completed
